<?xml version="1.0" encoding="UTF-8"?>
<testsuite name="SMWU.NaesoneulJAVA.NidonNaedon.repositories.ExpenditureDetailsRepositoryTest" tests="1" skipped="0" failures="0" errors="0" timestamp="2024-05-26T06:01:52" hostname="sinhoyeon-ui-MacBookPro.local" time="0.134">
  <properties/>
  <testcase name="testGetAllExpenditureDetails()" classname="SMWU.NaesoneulJAVA.NidonNaedon.repositories.ExpenditureDetailsRepositoryTest" time="0.134"/>
  <system-out><![CDATA[]]></system-out>
  <system-err><![CDATA[]]></system-err>
</testsuite>
