<?xml version="1.0" encoding="UTF-8"?>
<testsuite name="SMWU.NaesoneulJAVA.NidonNaedon.services.AccountServiceTest" tests="1" skipped="0" failures="0" errors="0" timestamp="2024-05-26T06:01:52" hostname="sinhoyeon-ui-MacBookPro.local" time="0.032">
  <properties/>
  <testcase name="testCreateAccount()" classname="SMWU.NaesoneulJAVA.NidonNaedon.services.AccountServiceTest" time="0.032"/>
  <system-out><![CDATA[accountId: ai/150a54bf-19bf-4b59-9396-11aedab20ef1
]]></system-out>
  <system-err><![CDATA[]]></system-err>
</testsuite>
